{"/Users/vn0uvge/Documents/projects/codelytv/kata-gilded-rose-nodejs-solid/src/GildedRose/GildedRose.js": {"path":"/Users/vn0uvge/Documents/projects/codelytv/kata-gilded-rose-nodejs-solid/src/GildedRose/GildedRose.js","statementMap":{"0":{"start":{"line":2,"column":14},"end":{"line":2,"column":25}},"1":{"start":{"line":4,"column":21},"end":{"line":4,"column":64}},"2":{"start":{"line":6,"column":13},"end":{"line":6,"column":41}},"3":{"start":{"line":8,"column":57},"end":{"line":8,"column":58}},"4":{"start":{"line":10,"column":63},"end":{"line":10,"column":65}},"5":{"start":{"line":12,"column":63},"end":{"line":12,"column":64}},"6":{"start":{"line":14,"column":53},"end":{"line":14,"column":54}},"7":{"start":{"line":16,"column":59},"end":{"line":16,"column":60}},"8":{"start":{"line":18,"column":16},"end":{"line":18,"column":18}},"9":{"start":{"line":20,"column":16},"end":{"line":20,"column":17}},"10":{"start":{"line":22,"column":10},"end":{"line":22,"column":12}},"11":{"start":{"line":25,"column":4},"end":{"line":25,"column":23}},"12":{"start":{"line":29,"column":4},"end":{"line":46,"column":5}},"13":{"start":{"line":30,"column":6},"end":{"line":45,"column":7}},"14":{"start":{"line":32,"column":10},"end":{"line":32,"column":36}},"15":{"start":{"line":33,"column":10},"end":{"line":33,"column":43}},"16":{"start":{"line":34,"column":10},"end":{"line":34,"column":16}},"17":{"start":{"line":36,"column":10},"end":{"line":36,"column":36}},"18":{"start":{"line":37,"column":10},"end":{"line":37,"column":50}},"19":{"start":{"line":38,"column":10},"end":{"line":38,"column":16}},"20":{"start":{"line":40,"column":10},"end":{"line":40,"column":16}},"21":{"start":{"line":42,"column":10},"end":{"line":42,"column":36}},"22":{"start":{"line":43,"column":10},"end":{"line":43,"column":46}},"23":{"start":{"line":44,"column":10},"end":{"line":44,"column":16}},"24":{"start":{"line":50,"column":4},"end":{"line":50,"column":21}},"25":{"start":{"line":54,"column":4},"end":{"line":54,"column":59}},"26":{"start":{"line":54,"column":41},"end":{"line":54,"column":59}},"27":{"start":{"line":58,"column":4},"end":{"line":58,"column":58}},"28":{"start":{"line":58,"column":40},"end":{"line":58,"column":58}},"29":{"start":{"line":62,"column":4},"end":{"line":62,"column":21}},"30":{"start":{"line":66,"column":4},"end":{"line":66,"column":31}},"31":{"start":{"line":68,"column":4},"end":{"line":73,"column":5}},"32":{"start":{"line":72,"column":6},"end":{"line":72,"column":33}},"33":{"start":{"line":75,"column":4},"end":{"line":80,"column":5}},"34":{"start":{"line":79,"column":6},"end":{"line":79,"column":33}},"35":{"start":{"line":82,"column":4},"end":{"line":84,"column":5}},"36":{"start":{"line":83,"column":6},"end":{"line":83,"column":30}},"37":{"start":{"line":88,"column":4},"end":{"line":88,"column":31}},"38":{"start":{"line":90,"column":4},"end":{"line":94,"column":5}},"39":{"start":{"line":93,"column":6},"end":{"line":93,"column":33}},"40":{"start":{"line":98,"column":4},"end":{"line":98,"column":31}},"41":{"start":{"line":100,"column":4},"end":{"line":104,"column":5}},"42":{"start":{"line":103,"column":6},"end":{"line":103,"column":33}},"43":{"start":{"line":108,"column":0},"end":{"line":108,"column":28}}},"fnMap":{"0":{"name":"(anonymous_0)","decl":{"start":{"line":24,"column":2},"end":{"line":24,"column":3}},"loc":{"start":{"line":24,"column":21},"end":{"line":26,"column":3}},"line":24},"1":{"name":"(anonymous_1)","decl":{"start":{"line":28,"column":2},"end":{"line":28,"column":3}},"loc":{"start":{"line":28,"column":18},"end":{"line":47,"column":3}},"line":28},"2":{"name":"(anonymous_2)","decl":{"start":{"line":49,"column":2},"end":{"line":49,"column":3}},"loc":{"start":{"line":49,"column":23},"end":{"line":51,"column":3}},"line":49},"3":{"name":"(anonymous_3)","decl":{"start":{"line":53,"column":2},"end":{"line":53,"column":3}},"loc":{"start":{"line":53,"column":24},"end":{"line":55,"column":3}},"line":53},"4":{"name":"(anonymous_4)","decl":{"start":{"line":57,"column":2},"end":{"line":57,"column":3}},"loc":{"start":{"line":57,"column":24},"end":{"line":59,"column":3}},"line":57},"5":{"name":"(anonymous_5)","decl":{"start":{"line":61,"column":2},"end":{"line":61,"column":3}},"loc":{"start":{"line":61,"column":21},"end":{"line":63,"column":3}},"line":61},"6":{"name":"(anonymous_6)","decl":{"start":{"line":65,"column":2},"end":{"line":65,"column":3}},"loc":{"start":{"line":65,"column":37},"end":{"line":85,"column":3}},"line":65},"7":{"name":"(anonymous_7)","decl":{"start":{"line":87,"column":2},"end":{"line":87,"column":3}},"loc":{"start":{"line":87,"column":33},"end":{"line":95,"column":3}},"line":87},"8":{"name":"(anonymous_8)","decl":{"start":{"line":97,"column":2},"end":{"line":97,"column":3}},"loc":{"start":{"line":97,"column":30},"end":{"line":105,"column":3}},"line":97}},"branchMap":{"0":{"loc":{"start":{"line":30,"column":6},"end":{"line":45,"column":7}},"type":"switch","locations":[{"start":{"line":31,"column":8},"end":{"line":34,"column":16}},{"start":{"line":35,"column":8},"end":{"line":38,"column":16}},{"start":{"line":39,"column":8},"end":{"line":40,"column":16}},{"start":{"line":41,"column":8},"end":{"line":44,"column":16}}],"line":30},"1":{"loc":{"start":{"line":54,"column":4},"end":{"line":54,"column":59}},"type":"if","locations":[{"start":{"line":54,"column":4},"end":{"line":54,"column":59}},{"start":{"line":54,"column":4},"end":{"line":54,"column":59}}],"line":54},"2":{"loc":{"start":{"line":58,"column":4},"end":{"line":58,"column":58}},"type":"if","locations":[{"start":{"line":58,"column":4},"end":{"line":58,"column":58}},{"start":{"line":58,"column":4},"end":{"line":58,"column":58}}],"line":58},"3":{"loc":{"start":{"line":68,"column":4},"end":{"line":73,"column":5}},"type":"if","locations":[{"start":{"line":68,"column":4},"end":{"line":73,"column":5}},{"start":{"line":68,"column":4},"end":{"line":73,"column":5}}],"line":68},"4":{"loc":{"start":{"line":75,"column":4},"end":{"line":80,"column":5}},"type":"if","locations":[{"start":{"line":75,"column":4},"end":{"line":80,"column":5}},{"start":{"line":75,"column":4},"end":{"line":80,"column":5}}],"line":75},"5":{"loc":{"start":{"line":82,"column":4},"end":{"line":84,"column":5}},"type":"if","locations":[{"start":{"line":82,"column":4},"end":{"line":84,"column":5}},{"start":{"line":82,"column":4},"end":{"line":84,"column":5}}],"line":82},"6":{"loc":{"start":{"line":90,"column":4},"end":{"line":94,"column":5}},"type":"if","locations":[{"start":{"line":90,"column":4},"end":{"line":94,"column":5}},{"start":{"line":90,"column":4},"end":{"line":94,"column":5}}],"line":90},"7":{"loc":{"start":{"line":100,"column":4},"end":{"line":104,"column":5}},"type":"if","locations":[{"start":{"line":100,"column":4},"end":{"line":104,"column":5}},{"start":{"line":100,"column":4},"end":{"line":104,"column":5}}],"line":100}},"s":{"0":13,"1":13,"2":13,"3":13,"4":13,"5":13,"6":13,"7":13,"8":13,"9":13,"10":13,"11":13,"12":13,"13":13,"14":2,"15":2,"16":2,"17":4,"18":4,"19":4,"20":3,"21":4,"22":4,"23":4,"24":10,"25":6,"26":3,"27":11,"28":10,"29":1,"30":4,"31":4,"32":3,"33":4,"34":2,"35":4,"36":1,"37":4,"38":4,"39":2,"40":2,"41":2,"42":0,"43":1},"f":{"0":13,"1":13,"2":10,"3":6,"4":11,"5":1,"6":4,"7":4,"8":2},"b":{"0":[2,4,3,4],"1":[3,3],"2":[10,1],"3":[3,1],"4":[2,2],"5":[1,3],"6":[2,2],"7":[0,2]},"_coverageSchema":"1a1c01bbd47fc00a2c39e90264f33305004495a9","hash":"006aeb9669ebea230d436479d398f8dc2af72832"}
,"/Users/vn0uvge/Documents/projects/codelytv/kata-gilded-rose-nodejs-solid/src/GildedRose/Item.js": {"path":"/Users/vn0uvge/Documents/projects/codelytv/kata-gilded-rose-nodejs-solid/src/GildedRose/Item.js","statementMap":{"0":{"start":{"line":4,"column":8},"end":{"line":4,"column":25}},"1":{"start":{"line":5,"column":8},"end":{"line":5,"column":29}},"2":{"start":{"line":6,"column":8},"end":{"line":6,"column":31}},"3":{"start":{"line":10,"column":8},"end":{"line":10,"column":63}},"4":{"start":{"line":15,"column":0},"end":{"line":15,"column":22}}},"fnMap":{"0":{"name":"(anonymous_0)","decl":{"start":{"line":3,"column":4},"end":{"line":3,"column":5}},"loc":{"start":{"line":3,"column":39},"end":{"line":7,"column":5}},"line":3},"1":{"name":"(anonymous_1)","decl":{"start":{"line":9,"column":4},"end":{"line":9,"column":5}},"loc":{"start":{"line":9,"column":15},"end":{"line":11,"column":5}},"line":9}},"branchMap":{},"s":{"0":13,"1":13,"2":13,"3":0,"4":1},"f":{"0":13,"1":0},"b":{},"_coverageSchema":"1a1c01bbd47fc00a2c39e90264f33305004495a9","hash":"7793b7986f5a004b483d6b49b0b30bb026ecd514"}
,"/Users/vn0uvge/Documents/projects/codelytv/kata-gilded-rose-nodejs-solid/src/middleware/errorHandler.js": {"path":"/Users/vn0uvge/Documents/projects/codelytv/kata-gilded-rose-nodejs-solid/src/middleware/errorHandler.js","statementMap":{"0":{"start":{"line":1,"column":13},"end":{"line":1,"column":34}},"1":{"start":{"line":2,"column":19},"end":{"line":2,"column":42}},"2":{"start":{"line":4,"column":23},"end":{"line":10,"column":1}},"3":{"start":{"line":5,"column":2},"end":{"line":7,"column":3}},"4":{"start":{"line":6,"column":4},"end":{"line":6,"column":31}},"5":{"start":{"line":9,"column":2},"end":{"line":9,"column":15}},"6":{"start":{"line":12,"column":18},"end":{"line":16,"column":1}},"7":{"start":{"line":14,"column":2},"end":{"line":14,"column":21}},"8":{"start":{"line":15,"column":2},"end":{"line":15,"column":14}},"9":{"start":{"line":18,"column":19},"end":{"line":25,"column":1}},"10":{"start":{"line":20,"column":2},"end":{"line":22,"column":3}},"11":{"start":{"line":21,"column":4},"end":{"line":21,"column":40}},"12":{"start":{"line":24,"column":2},"end":{"line":24,"column":14}},"13":{"start":{"line":28,"column":21},"end":{"line":32,"column":1}},"14":{"start":{"line":29,"column":46},"end":{"line":29,"column":51}},"15":{"start":{"line":30,"column":2},"end":{"line":30,"column":30}},"16":{"start":{"line":31,"column":2},"end":{"line":31,"column":54}},"17":{"start":{"line":35,"column":0},"end":{"line":39,"column":1}}},"fnMap":{"0":{"name":"(anonymous_0)","decl":{"start":{"line":4,"column":23},"end":{"line":4,"column":24}},"loc":{"start":{"line":4,"column":41},"end":{"line":10,"column":1}},"line":4},"1":{"name":"(anonymous_1)","decl":{"start":{"line":12,"column":18},"end":{"line":12,"column":19}},"loc":{"start":{"line":12,"column":54},"end":{"line":16,"column":1}},"line":12},"2":{"name":"(anonymous_2)","decl":{"start":{"line":18,"column":19},"end":{"line":18,"column":20}},"loc":{"start":{"line":18,"column":55},"end":{"line":25,"column":1}},"line":18},"3":{"name":"(anonymous_3)","decl":{"start":{"line":28,"column":21},"end":{"line":28,"column":22}},"loc":{"start":{"line":28,"column":57},"end":{"line":32,"column":1}},"line":28}},"branchMap":{"0":{"loc":{"start":{"line":5,"column":2},"end":{"line":7,"column":3}},"type":"if","locations":[{"start":{"line":5,"column":2},"end":{"line":7,"column":3}},{"start":{"line":5,"column":2},"end":{"line":7,"column":3}}],"line":5},"1":{"loc":{"start":{"line":20,"column":2},"end":{"line":22,"column":3}},"type":"if","locations":[{"start":{"line":20,"column":2},"end":{"line":22,"column":3}},{"start":{"line":20,"column":2},"end":{"line":22,"column":3}}],"line":20}},"s":{"0":0,"1":0,"2":0,"3":0,"4":0,"5":0,"6":0,"7":0,"8":0,"9":0,"10":0,"11":0,"12":0,"13":0,"14":0,"15":0,"16":0,"17":0},"f":{"0":0,"1":0,"2":0,"3":0},"b":{"0":[0,0],"1":[0,0]}}
}
