TN:
SF:src/GildedRose/GildedRose.js
FN:24,(anonymous_0)
FN:28,(anonymous_1)
FN:49,(anonymous_2)
FN:53,(anonymous_3)
FN:57,(anonymous_4)
FN:61,(anonymous_5)
FN:65,(anonymous_6)
FN:87,(anonymous_7)
FN:97,(anonymous_8)
FNF:9
FNH:9
FNDA:13,(anonymous_0)
FNDA:13,(anonymous_1)
FNDA:10,(anonymous_2)
FNDA:6,(anonymous_3)
FNDA:11,(anonymous_4)
FNDA:1,(anonymous_5)
FNDA:4,(anonymous_6)
FNDA:4,(anonymous_7)
FNDA:2,(anonymous_8)
DA:2,13
DA:4,13
DA:6,13
DA:8,13
DA:10,13
DA:12,13
DA:14,13
DA:16,13
DA:18,13
DA:20,13
DA:22,13
DA:25,13
DA:29,13
DA:30,13
DA:32,2
DA:33,2
DA:34,2
DA:36,4
DA:37,4
DA:38,4
DA:40,3
DA:42,4
DA:43,4
DA:44,4
DA:50,10
DA:54,6
DA:58,11
DA:62,1
DA:66,4
DA:68,4
DA:72,3
DA:75,4
DA:79,2
DA:82,4
DA:83,1
DA:88,4
DA:90,4
DA:93,2
DA:98,2
DA:100,2
DA:103,0
DA:108,1
LF:42
LH:41
BRDA:30,0,0,2
BRDA:30,0,1,4
BRDA:30,0,2,3
BRDA:30,0,3,4
BRDA:54,1,0,3
BRDA:54,1,1,3
BRDA:58,2,0,10
BRDA:58,2,1,1
BRDA:68,3,0,3
BRDA:68,3,1,1
BRDA:75,4,0,2
BRDA:75,4,1,2
BRDA:82,5,0,1
BRDA:82,5,1,3
BRDA:90,6,0,2
BRDA:90,6,1,2
BRDA:100,7,0,0
BRDA:100,7,1,2
BRF:18
BRH:17
end_of_record
TN:
SF:src/GildedRose/Item.js
FN:3,(anonymous_0)
FN:9,(anonymous_1)
FNF:2
FNH:1
FNDA:13,(anonymous_0)
FNDA:0,(anonymous_1)
DA:4,13
DA:5,13
DA:6,13
DA:10,0
DA:15,1
LF:5
LH:4
BRF:0
BRH:0
end_of_record
TN:
SF:src/middleware/errorHandler.js
FN:4,(anonymous_0)
FN:12,(anonymous_1)
FN:18,(anonymous_2)
FN:28,(anonymous_3)
FNF:4
FNH:0
FNDA:0,(anonymous_0)
FNDA:0,(anonymous_1)
FNDA:0,(anonymous_2)
FNDA:0,(anonymous_3)
DA:1,0
DA:2,0
DA:4,0
DA:5,0
DA:6,0
DA:9,0
DA:12,0
DA:14,0
DA:15,0
DA:18,0
DA:20,0
DA:21,0
DA:24,0
DA:28,0
DA:29,0
DA:30,0
DA:31,0
DA:35,0
LF:18
LH:0
BRDA:5,0,0,0
BRDA:5,0,1,0
BRDA:20,1,0,0
BRDA:20,1,1,0
BRF:4
BRH:0
end_of_record
